100.04.30 16:10 B C:\Files\Fiend\src\Fiend\demo.zip --> ingava.com /Fiend demo.zip
100.05.10 20:52 B C:\Files\Fiend\src\Fiend\demo.zip --> ingava.com /Fiend demo.zip
100.05.25 18:40 B C:\Files\Fiend\src\Fiend\demo.zip --> host1.ingava.com /users/fiend demo.zip
100.05.30 11:41 B C:\Files\Fiend\src\Fiend\demo.zip --> host1.ingava.com /users/fiend demo.zip
100.07.03 23:49 B C:\Files\Fiend\src\Fiend\demo.zip --> host1.ingava.com /users/fiend demo.zip
100.07.19 14:12 B C:\Files\Fiend\src\Fiend\all3929.dll --> host1.ingava.com /users/fiend all3929.dll
100.08.01 20:02 B C:\Files\Fiend\src\Fiend\demo.zip --> host1.ingava.com /users/fiend demo.zip
100.09.03 15:15 B C:\Files\Fiend\src\Fiend\demo.zip --> host1.ingava.com /users/fiend demo.zip
100.09.08 20:20 B C:\Files\Fiend\src\Fiend\demo.zip --> host1.ingava.com /users/fiend demo.zip
100.09.08 20:34 B C:\Files\Fiend\src\Fiend\demo.zip --> host1.ingava.com /users/fiend demo.zip
100.09.12 23:28 B C:\Files\Fiend\src\Fiend\demo.zip --> host1.ingava.com /users/fiend demo.zip
100.09.13 21:13 B C:\Files\Fiend\src\Fiend\update.zip --> host1.ingava.com /users/fiend update.zip
100.09.19 21:18 B C:\Files\Fiend\src\Fiend\demo.zip --> host1.ingava.com /users/fiend demo.zip
100.10.08 21:23 B C:\Files\Fiend\src\Fiend\demo.zip --> host1.ingava.com /users/fiend demo.zip
100.11.22 16:42 B C:\Files\Fiend\src\Fiend\demo.zip --> host1.ingava.com /users/fiend demo.zip
100.11.22 18:50 B C:\Files\Fiend\src\Fiend\demo.zip --> host1.ingava.com /users/fiend demo.zip
100.11.23 23:57 B C:\Files\Fiend\src\Fiend\demo.zip --> host1.ingava.com /users/fiend demo.zip
100.11.24 00:22 B C:\Files\Fiend\src\Fiend\demo.zip --> host1.ingava.com /users/fiend demo.zip
100.11.24 12:54 B C:\Files\Fiend\src\Fiend\demo.zip --> host1.ingava.com /users/fiend demo.zip
100.11.24 12:56 B C:\Files\Fiend\src\Fiend\WS_FTP.LOG --> host1.ingava.com /users/fiend WS_FTP.LOG
100.11.24 13:19 B C:\Files\Fiend\src\Fiend\fed10.zip --> host1.ingava.com /users/fiend fed10.zip
101.02.19 03:50 B C:\Files\Fiend\src\Fiend\demo.zip --> ftp.bip.net / demo.zip
